<?xml version="1.0" encoding="UTF-8"?>
<testng-results skipped="0" failed="0" total="1" passed="1">
  <reporter-output>
    <line>
      <![CDATA[Title is MatchedOrangeHRM]]>
    </line>
  </reporter-output>
  <suite name="Suite" duration-ms="23964" started-at="2020-08-12T17:04:09Z" finished-at="2020-08-12T17:04:33Z">
    <groups>
    </groups>
    <test name="Test" duration-ms="23964" started-at="2020-08-12T17:04:09Z" finished-at="2020-08-12T17:04:33Z">
      <class name="scripts.TestScripts">
        <test-method status="PASS" signature="precondition()[pri:0, instance:scripts.TestScripts@17c68925]" name="precondition" is-config="true" duration-ms="9790" started-at="2020-08-12T12:04:09Z" finished-at="2020-08-12T12:04:19Z">
          <reporter-output>
          </reporter-output>
        </test-method> <!-- precondition -->
        <test-method status="PASS" signature="EmployeeTestCase()[pri:0, instance:scripts.TestScripts@17c68925]" name="EmployeeTestCase" duration-ms="9658" started-at="2020-08-12T12:04:19Z" finished-at="2020-08-12T12:04:28Z">
          <reporter-output>
            <line>
              <![CDATA[Title is MatchedOrangeHRM]]>
            </line>
          </reporter-output>
        </test-method> <!-- EmployeeTestCase -->
        <test-method status="PASS" signature="PostCondition()[pri:0, instance:scripts.TestScripts@17c68925]" name="PostCondition" is-config="true" duration-ms="4473" started-at="2020-08-12T12:04:28Z" finished-at="2020-08-12T12:04:33Z">
          <reporter-output>
          </reporter-output>
        </test-method> <!-- PostCondition -->
      </class> <!-- scripts.TestScripts -->
    </test> <!-- Test -->
  </suite> <!-- Suite -->
</testng-results>
